Machine Serial Number:  SFD2001052                                                       Page:    1
====================================================================================================
Routine Name                                                    Run #            Date & Time        
====================================================================================================
AllOutputTypes.mxy                                       1     Friday, September 14, 2018 3:57:40 PM
====================================================================================================

====================================================================================================
Feature           Unit    Nominal       Actual          Tolerances           Deviation     Exceeded 
====================================================================================================
Step 13   
X Location        mm    +5.0000       +5.0000       +0.0300     -0.0300    +0.0000                  
Y Location        mm    +5.0000       +5.0000       +0.0400     -0.0400    +0.0000                  
Position          mm    +0.0000       +0.0000       +0.0010                +0.0000                  
   
Step 20   
X Location        mm    +40.0000      +40.0000      +0.0000     +0.0000    +0.0000                  
Y Location        mm    +5.0000       +5.0000       +0.0000     +0.0000    +0.0000                  
Position          mm    +0.0000       +0.0000       +0.0000                +0.0000                  
   
Step 45   
Angle             dd    +270.0000     +270.0000     +0.0200     -0.0200    +0.0000                  
X Location        mm    +0.0000       +0.0000       +0.0300     -0.0300    +0.0000                  
Y Location        mm    +2.5000       +2.5000       +0.0400     -0.0400    +0.0000                  
Straightness      mm    +0.0000       +0.0000       +0.0500                +0.0000                  
Angularity        mm    +0.0000       +0.0000       +0.0400                +0.0000                  
Perpendicularity  mm    +0.0000       +0.0000       +0.0600                +0.0000                  
Parallelism       mm    +0.0000       +0.0000       +0.0700                +0.0000                  
Profile +         mm    +0.0000       +0.0000       +0.0900                +0.0000                  
Profile -         mm    +0.0000       +0.0000                   -0.0800    +0.0000                  
   
Step 46   
Angle             dd    +180.0000     +180.0000     +0.0200     -0.0200    +0.0000                  
X Location        mm    +2.5000       +2.5000       +0.0300     -0.0300    +0.0000                  
Y Location        mm    +5.0000       +5.0000       +0.0400     -0.0400    +0.0000                  
Straightness      mm    +0.0000       +0.0000       +0.0500                +0.0000                  
Angularity        mm    +0.0000       +5.0000       +5.0040                +5.0000      ++++        
Perpendicularity  mm    +0.0000       +0.0000       +0.0600                +0.0000                  
Parallelism       mm    +0.0000       +0.0000       +0.0700                +0.0000                  
Profile +         mm    +0.0000       +0.0000       +0.0900                +0.0000                  
Profile -         mm    +0.0000       +0.0000                   -0.0800    +0.0000                  
   
Step 47   
Angle             dd    +270.0000     +270.0000     +0.0200     -0.0200    +0.0000                  
X Location        mm    +5.0000       +5.0000       +0.0300     -0.0300    +0.0000                  
Y Location        mm    +2.5000       +2.5000       +0.0400     -0.0400    +0.0000                  
Straightness      mm    +0.0000       +0.0000       +0.0500                +0.0000                  
Angularity        mm    +0.0000       +0.0000       +0.0400                +0.0000                  
Perpendicularity  mm    +0.0000       +0.0000       +0.0600                +0.0000                  
Parallelism       mm    +0.0000       +0.0000       +0.0100                +0.0000                  
Profile +         mm    +0.0000       +0.0000       +0.0900                +0.0000                  
Profile -         mm    +0.0000       +0.0000                   -0.0800    +0.0000                  
   
Step 49   
Angle             dd    +72.6460      +72.6460      +0.0200     -0.0200    +0.0000                  
X Location        mm    +11.2500      +11.2500      +0.0300     -0.0300    +0.0000                  
Y Location        mm    +4.0000       +4.0000       +0.0400     -0.0400    +0.0000                  
Straightness      mm    +0.0000       +0.0000       +0.0500                +0.0000                  
Angularity        mm    +0.0000       +0.0000       +0.0400                +0.0000                  
Perpendicularity  mm    +0.0000       +0.0000       +0.0600                +0.0000                  
Parallelism       mm    +0.0000       +0.0000       +0.0100                +0.0000                  
Profile +         mm    +0.0000       +0.0000       +0.0900                +0.0000                  
Profile -         mm    +0.0000       +0.0000                   -0.0800    +0.0000                  
   
====================================================================================================

====================================================================================================
Machine Serial Number:  SFD2001052                                                       Page:    2
====================================================================================================
Feature           Unit    Nominal       Actual          Tolerances           Deviation     Exceeded 
====================================================================================================
Step 50   
Angle             dd    +287.3540     +287.3540     +0.0200     -0.0200    +0.0000                  
X Location        mm    +13.7500      +13.7500      +0.0300     -0.0300    +0.0000                  
Y Location        mm    +4.0000       +4.0000       +0.0400     -0.0400    +0.0000                  
Straightness      mm    +0.0000       +0.0000       +0.0500                +0.0000                  
Angularity        mm    +0.0000       +4.7724       +4.7800                +4.7724      ++++        
Perpendicularity  mm    +0.0000       +0.0000       +0.0600                +0.0000                  
Parallelism       mm    +0.0000       +0.0000       +0.0100                +0.0000                  
Profile +         mm    +0.0000       +0.0000       +0.0900                +0.0000                  
Profile -         mm    +0.0000       +0.0000                   -0.0800    +0.0000                  
   
Step 51   
Diameter          mm    +7.0711       +7.0711       +0.0200     -0.0200    +0.0000      -           
X Location        mm    +22.5000      +22.5000      +0.0400     -0.0400    +0.0000                  
Y Location        mm    +2.5000       +2.5000       +0.0600     -0.0600    +0.0000                  
Circularity       mm    +0.0000       +0.0000       +0.0100                +0.0000                  
Position          mm    +0.0000       +0.0000       +0.0200                +0.0000                  
Concentricity     mm    +0.0000       +0.0000       +0.0300                +0.0000                  
Profile +         mm    +0.0000       +0.0000       +0.0900                +0.0000                  
Profile -         mm    +0.0000       +0.0000                   -0.0800    +0.0000                  
   
Step 52   
Angle             dd    +0.0000       +0.0000       +0.0200     -0.0200    +0.0000                  
X Location        mm    +7.5000       +7.5000       +0.0300     -0.0300    +0.0000                  
Y Location        mm    +0.0000       +0.0000       +0.0400     -0.0400    +0.0000                  
Straightness      mm    +0.0000       +0.0000       +0.0500                +0.0000                  
Angularity        mm    +0.0000       +14.3172      +14.3220               +14.3172     ++++        
Perpendicularity  mm    +0.0000       +0.0000       +0.0600                +0.0000                  
Parallelism       mm    +0.0000       +0.0000       +0.0700                +0.0000                  
Profile +         mm    +0.0000       +0.0000       +0.0900                +0.0000                  
Profile -         mm    +0.0000       +0.0000                   -0.0800    +0.0000                  
   
Step 57   
Diameter          mm    +12.0416      +12.0416      +0.0200     -0.0200    +0.0000      -           
X Location        mm    +22.0000      +22.0000      +0.0400     -0.0400    +0.0000                  
Y Location        mm    +2.5000       +2.5000       +0.0600     -0.0600    +0.0000                  
Circularity       mm    +0.0000       +0.0000       +0.0100                +0.0000                  
Position          mm    +0.0000       +0.0000       +0.0200                +0.0000                  
Concentricity     mm    +0.0000       +1.0000       +1.0050                +1.0000      ++++        
Profile +         mm    +0.0000       +0.0000       +0.0900                +0.0000                  
Profile -         mm    +0.0000       +0.0000                   -0.0800    +0.0000                  
   
Step 58   
X Distance        mm    +0.0000       +0.0000       +0.0200     -0.0200    +0.0000                  
Y Distance        mm    +5.0000       +5.0000       +0.0400     -0.0400    +0.0000                  
Straight Line     mm    +5.0000       +5.0000       +0.0700     -0.0700    +0.0000                  
Angle Between     dd    +90.0000      +90.0000      +0.0800     -0.0800    +0.0000                  
   
Step 59   
3-D Distance      mm    +5.0000       +5.0000       +0.0900     -0.0900    +0.0000      -           
X Location        mm    +32.5000      +32.5000      +0.0040     -0.0040    +0.0000      -           
Y Location        mm    +5.0000       +5.0000       +0.0050     -0.0050    +0.0000                  
Position          mm    +0.0000       +0.0000       +0.0200                +0.0000                  
   
Step 63   
Angle 3           dd    +45.0000      +45.0000      +0.0200     -0.0200    +0.0000                  
X Location        mm    +0.0000       +0.0000       +0.0500     -0.0500    +0.0000                  
Y Location        mm    +25.0000      +25.0000      +0.0070     -0.0070    +0.0000      -           
Position          mm    +0.0000       +0.0000       +0.0200                +0.0000                  
   
====================================================================================================

====================================================================================================
Machine Serial Number:  SFD2001052                                                       Page:    3
====================================================================================================
Feature           Unit    Nominal       Actual          Tolerances           Deviation     Exceeded 
====================================================================================================
Step 64   
Angle 2           dd    +270.0000     +270.0000     +0.0200     -0.0200    +0.0000                  
X Location        mm    +0.0000       +0.0000       +0.0500     -0.0500    +0.0000      -           
Y Location        mm    +25.0000      +25.0000      +0.0070     -0.0070    +0.0000                  
Position          mm    +0.0000       +0.0000       +0.0200                +0.0000                  
   
Step 65   
Angle 3           dd    +90.0000      +90.0000      +0.0200     -0.0200    +0.0000                  
X Location        mm    +0.0000       +0.0000       +0.0500     -0.0500    +0.0000      -           
Y Location        mm    +25.0000      +25.0000      +0.0070     -0.0070    +0.0000                  
Position          mm    +0.0000       +0.0000       +0.0200                +0.0000                  
   
Step 66   
Angle 4           dd    +270.0000     +270.0000     +0.0200     -0.0200    +0.0000                  
X Location        mm    +0.0000       +0.0000       +0.0500     -0.0500    +0.0000      -           
Y Location        mm    +25.0000      +25.0000      +0.0070     -0.0070    +0.0000                  
Position          mm    +0.0000       +0.0000       +0.0200                +0.0000                  
   
Step 67   
C/L Angle         dd    +90.0000      +90.0000      +0.0200     -0.0200    +0.0000                  
Width             mm    +5.0000       +5.0000       +0.0200     -0.0200    +0.0000                  
X Location        mm    +12.5000      +12.5000      +0.0500     -0.0500    +0.0000                  
Y Location        mm    +25.0000      +25.0000      +0.0600     -0.0600    +0.0000                  
Position          mm    +0.0000       +0.0000       +0.0200                +0.0000                  
   
Step 68   
C/L Angle         dd    +90.0000      +90.0000      +0.0200     -0.0200    +0.0000                  
Width             mm    +5.0000       +5.0000       +0.0200     -0.0200    +0.0000                  
X Location        mm    +12.5000      +12.5000      +0.0500     -0.0500    +0.0000                  
Y Location        mm    +20.0000      +20.0000      +0.0600     -0.0600    +0.0000                  
Position          mm    +0.0000       +0.0000       +0.0200                +0.0000                  
   
Step 71   
X Location        mm    +21.0000      +21.0000      +0.0060     -0.0060    +0.0000                  
Y Location        mm    +24.0000      +24.0000      +0.0090     -0.0090    +0.0000      -           
Position          mm    +0.0000       +0.0000       +0.0200                +0.0000                  
   
Step 72   
X Location        mm    +19.0000      +19.0000      +0.0060     -0.0060    +0.0000                  
Y Location        mm    +26.0000      +26.0000      +0.0090     -0.0090    +0.0000                  
Position          mm    +0.0000       +0.0000       +0.0200                +0.0000                  
   
Step 73   
X Location        mm    +19.0000      +19.0000      +0.0060     -0.0060    +0.0000                  
Y Location        mm    +24.0000      +24.0000      +0.0090     -0.0090    +0.0000                  
Position          mm    +0.0000       +0.0000       +0.0200                +0.0000                  
   
Step 74   
X Location        mm    +21.0000      +21.0000      +0.0060     -0.0060    +0.0000                  
Y Location        mm    +26.0000      +26.0000      +0.0090     -0.0090    +0.0000                  
Position          mm    +0.0000       +0.0000       +0.0200                +0.0000                  
   
Step 75   
Area              mm    +25.0000      +25.0000      +0.2000     -0.2000    +0.0000      -           
Length            mm    +15.0000      +15.0000      +0.0400     -0.0400    +0.0000      -           
X Location        mm    +30.0000      +30.0000      +0.0500     -0.0500    +0.0000                  
Y Location        mm    +25.0000      +25.0000      +0.0060     -0.0060    +0.0000                  
Position          mm    +0.0000       +0.0000       +0.0200                +0.0000                  
   
====================================================================================================

====================================================================================================
Machine Serial Number:  SFD2001052                                                       Page:    4
====================================================================================================
Feature           Unit    Nominal       Actual          Tolerances           Deviation     Exceeded 
====================================================================================================
Step 76   
Result            dd    +12.0416      +12.0416      +0.0500     -0.0500    +0.0000      -           
   
Step 77   
X Location        mm    +27.4772      +27.4772      +0.0500     -0.0500    +0.0000      -           
Y Location        mm    +0.0000       +0.0000       +0.0070     -0.0070    +0.0000                  
Position          mm    +0.0000       +0.0000       +0.0200                +0.0000                  
   
Step 78   
X Location        mm    +16.5228      +16.5228      +0.0500     -0.0500    +0.0000      +           
Y Location        mm    +5.0000       +5.0000       +0.0070     -0.0070    +0.0000      +           
Position          mm    +0.0000       +0.0000       +0.0200                +0.0000                  
   
Step 79   
Area              mm    +50.0000      +50.0000      +0.2000     -0.2000    +0.0000                  
Length            mm    +25.0000      +25.0000      +0.0400     -0.0400    +0.0000                  
X Location        mm    +40.0000      +40.0000      +0.0500     -0.0500    +0.0000                  
Y Location        mm    +5.0000       +5.0000       +0.0060     -0.0060    +0.0000                  
Position          mm    +0.0000       +0.0000       +0.0200                +0.0000                  
   
====================================================================================================

====================================================================================================
====================================================================================================
