+5.0000 
+5.0000 
+0.0000 
+40.0000 
+5.0000 
+0.0000 
+270.0000 
+0.0000 
+2.5000 
+0.0000 
+0.0000 
+0.0000 
+0.0000 
+0.0000 
+0.0000 
+180.0000 
+2.5000 
+5.0000 
+0.0000 
+5.0000 
+0.0000 
+0.0000 
+0.0000 
+0.0000 
+270.0000 
+5.0000 
+2.5000 
+0.0000 
+0.0000 
+0.0000 
+0.0000 
+0.0000 
+0.0000 
+72.6460 
+11.2500 
+4.0000 
+0.0000 
+0.0000 
+0.0000 
+0.0000 
+0.0000 
+0.0000 
+287.3540 
+13.7500 
+4.0000 
+0.0000 
+4.7724 
+0.0000 
+0.0000 
+0.0000 
+0.0000 
+7.0711 
+22.5000 
+2.5000 
+0.0000 
+0.0000 
+0.0000 
+0.0000 
+0.0000 
+0.0000 
+7.5000 
+0.0000 
+0.0000 
+14.3172 
+0.0000 
+0.0000 
+0.0000 
+0.0000 
+12.0416 
+22.0000 
+2.5000 
+0.0000 
+0.0000 
+1.0000 
+0.0000 
+0.0000 
+0.0000 
+5.0000 
+5.0000 
+90.0000 
+5.0000 
+32.5000 
+5.0000 
+0.0000 
+45.0000 
+0.0000 
+25.0000 
+0.0000 
+270.0000 
+0.0000 
+25.0000 
+0.0000 
+90.0000 
+0.0000 
+25.0000 
+0.0000 
+270.0000 
+0.0000 
+25.0000 
+0.0000 
+90.0000 
+5.0000 
+12.5000 
+25.0000 
+0.0000 
+90.0000 
+5.0000 
+12.5000 
+20.0000 
+0.0000 
+21.0000 
+24.0000 
+0.0000 
+19.0000 
+26.0000 
+0.0000 
+19.0000 
+24.0000 
+0.0000 
+21.0000 
+26.0000 
+0.0000 
+25.0000 
+15.0000 
+30.0000 
+25.0000 
+0.0000 
+12.0416 
+27.4772 
+0.0000 
+0.0000 
+16.5228 
+5.0000 
+0.0000 
+50.0000 
+25.0000 
+40.0000 
+5.0000 
+0.0000 
