 |+40.000|+0.000|+0.000|+40.000|1|20| mm|Point|||X
 |+5.000|+0.000|+0.000|+5.000|1|20| mm|Point|||Y
 |+0.000|+0.000||+0.000|1|20| mm|Point|||POS
 |+270.000|+0.020|-0.020|+270.000|1|45| dd|Line|||ANG
 |+0.000|+0.030|-0.030|+0.000|1|45| mm|Line|||X
 |+2.500|+0.040|-0.040|+2.500|1|45| mm|Line|||Y
 |+0.000|+0.050||+0.000|1|45| mm|Line|||STR
 |+0.000|+0.040||+0.000|1|45| mm|Line|||DST
 |+0.000|+0.060||+0.000|1|45| mm|Line|||PER
 |+0.000|+0.070||+0.000|1|45| mm|Line|||PAR
 |+0.000|+0.090||+0.000|1|45| mm|Line|||PRP
 |+0.000||-0.080|+0.000|1|45| mm|Line|||PRM
 |+180.000|+0.020|-0.020|+180.000|1|46| dd|Line|||ANG
 |+2.500|+0.030|-0.030|+2.500|1|46| mm|Line|||X
 |+5.000|+0.040|-0.040|+5.000|1|46| mm|Line|||Y
 |+0.000|+0.050||+0.000|1|46| mm|Line|||STR
 |+0.000|+5.004||+5.000|1|46| mm|Line|||DST
 |+0.000|+0.060||+0.000|1|46| mm|Line|||PER
 |+0.000|+0.070||+0.000|1|46| mm|Line|||PAR
 |+0.000|+0.090||+0.000|1|46| mm|Line|||PRP
 |+0.000||-0.080|+0.000|1|46| mm|Line|||PRM
 |+270.000|+0.020|-0.020|+270.000|1|47| dd|Line|||ANG
 |+5.000|+0.030|-0.030|+5.000|1|47| mm|Line|||X
 |+2.500|+0.040|-0.040|+2.500|1|47| mm|Line|||Y
 |+0.000|+0.050||+0.000|1|47| mm|Line|||STR
 |+0.000|+0.040||+0.000|1|47| mm|Line|||DST
 |+0.000|+0.060||+0.000|1|47| mm|Line|||PER
 |+0.000|+0.010||+0.000|1|47| mm|Line|||PAR
 |+0.000|+0.090||+0.000|1|47| mm|Line|||PRP
 |+0.000||-0.080|+0.000|1|47| mm|Line|||PRM
 |+72.646|+0.020|-0.020|+72.646|1|49| dd|Line|||ANG
 |+11.250|+0.030|-0.030|+11.250|1|49| mm|Line|||X
 |+4.000|+0.040|-0.040|+4.000|1|49| mm|Line|||Y
 |+0.000|+0.050||+0.000|1|49| mm|Line|||STR
 |+0.000|+0.040||+0.000|1|49| mm|Line|||DST
 |+0.000|+0.060||+0.000|1|49| mm|Line|||PER
 |+0.000|+0.010||+0.000|1|49| mm|Line|||PAR
 |+0.000|+0.090||+0.000|1|49| mm|Line|||PRP
 |+0.000||-0.080|+0.000|1|49| mm|Line|||PRM
 |+287.354|+0.020|-0.020|+287.354|1|50| dd|Line|||ANG
 |+13.750|+0.030|-0.030|+13.750|1|50| mm|Line|||X
 |+4.000|+0.040|-0.040|+4.000|1|50| mm|Line|||Y
 |+0.000|+0.050||+0.000|1|50| mm|Line|||STR
 |+0.000|+4.780||+4.772|1|50| mm|Line|||DST
 |+0.000|+0.060||+0.000|1|50| mm|Line|||PER
 |+0.000|+0.010||+0.000|1|50| mm|Line|||PAR
 |+0.000|+0.090||+0.000|1|50| mm|Line|||PRP
 |+0.000||-0.080|+0.000|1|50| mm|Line|||PRM
 |+7.071|+0.020|-0.020|+7.071|1|51| mm|Circle|||DIA
 |+22.500|+0.040|-0.040|+22.500|1|51| mm|Circle|||X
 |+2.500|+0.060|-0.060|+2.500|1|51| mm|Circle|||Y
 |+0.000|+0.010||+0.000|1|51| mm|Circle|||RND
 |+0.000|+0.020||+0.000|1|51| mm|Circle|||POS
 |+0.000|+0.030||+0.000|1|51| mm|Circle|||CON
 |+0.000|+0.090||+0.000|1|51| mm|Circle|||PRP
 |+0.000||-0.080|+0.000|1|51| mm|Circle|||PRM
 |+0.000|+0.020|-0.020|+0.000|1|52| dd|Line|||ANG
 |+7.500|+0.030|-0.030|+7.500|1|52| mm|Line|||X
 |+0.000|+0.040|-0.040|+0.000|1|52| mm|Line|||Y
 |+0.000|+0.050||+0.000|1|52| mm|Line|||STR
 |+0.000|+14.322||+14.317|1|52| mm|Line|||DST
 |+0.000|+0.060||+0.000|1|52| mm|Line|||PER
 |+0.000|+0.070||+0.000|1|52| mm|Line|||PAR
 |+0.000|+0.090||+0.000|1|52| mm|Line|||PRP
 |+0.000||-0.080|+0.000|1|52| mm|Line|||PRM
 |+12.042|+0.020|-0.020|+12.042|1|57| mm|Circle|||DIA
 |+22.000|+0.040|-0.040|+22.000|1|57| mm|Circle|||X
 |+2.500|+0.060|-0.060|+2.500|1|57| mm|Circle|||Y
 |+0.000|+0.010||+0.000|1|57| mm|Circle|||RND
 |+0.000|+0.020||+0.000|1|57| mm|Circle|||POS
 |+0.000|+1.005||+1.000|1|57| mm|Circle|||CON
 |+0.000|+0.090||+0.000|1|57| mm|Circle|||PRP
 |+0.000||-0.080|+0.000|1|57| mm|Circle|||PRM
 |+0.000|+0.020|-0.020|+0.000|1|58| mm|Distance|||XD
 |+5.000|+0.040|-0.040|+5.000|1|58| mm|Distance|||YD
 |+5.000|+0.070|-0.070|+5.000|1|58| mm|Distance|||DIS
 |+90.000|+0.080|-0.080|+90.000|1|58| dd|Distance|||ANG
 |+5.000|+0.090|-0.090|+5.000|1|59| mm|Midpoint|||DIS
 |+32.500|+0.004|-0.004|+32.500|1|59| mm|Midpoint|||X
 |+5.000|+0.005|-0.005|+5.000|1|59| mm|Midpoint|||Y
 |+0.000|+0.020||+0.000|1|59| mm|Midpoint|||POS
 |+45.000|+0.020|-0.020|+45.000|1|63| dd|Intersect|||ANG
 |+0.000|+0.050|-0.050|+0.000|1|63| mm|Intersect|||X
 |+25.000|+0.007|-0.007|+25.000|1|63| mm|Intersect|||Y
 |+0.000|+0.020||+0.000|1|63| mm|Intersect|||POS
 |+270.000|+0.020|-0.020|+270.000|1|64| dd|Intersect|||ANG
 |+0.000|+0.050|-0.050|+0.000|1|64| mm|Intersect|||X
 |+25.000|+0.007|-0.007|+25.000|1|64| mm|Intersect|||Y
 |+0.000|+0.020||+0.000|1|64| mm|Intersect|||POS
 |+90.000|+0.020|-0.020|+90.000|1|65| dd|Intersect|||ANG
 |+0.000|+0.050|-0.050|+0.000|1|65| mm|Intersect|||X
 |+25.000|+0.007|-0.007|+25.000|1|65| mm|Intersect|||Y
 |+0.000|+0.020||+0.000|1|65| mm|Intersect|||POS
 |+270.000|+0.020|-0.020|+270.000|1|66| dd|Intersect|||ANG
 |+0.000|+0.050|-0.050|+0.000|1|66| mm|Intersect|||X
 |+25.000|+0.007|-0.007|+25.000|1|66| mm|Intersect|||Y
 |+0.000|+0.020||+0.000|1|66| mm|Intersect|||POS
 |+90.000|+0.020|-0.020|+90.000|1|67| dd|Width|||WCA
 |+5.000|+0.020|-0.020|+5.000|1|67| mm|Width|||WID
 |+12.500|+0.050|-0.050|+12.500|1|67| mm|Width|||X
 |+25.000|+0.060|-0.060|+25.000|1|67| mm|Width|||Y
 |+0.000|+0.020||+0.000|1|67| mm|Width|||POS
 |+90.000|+0.020|-0.020|+90.000|1|68| dd|Width|||WCA
 |+5.000|+0.020|-0.020|+5.000|1|68| mm|Width|||WID
 |+12.500|+0.050|-0.050|+12.500|1|68| mm|Width|||X
 |+20.000|+0.060|-0.060|+20.000|1|68| mm|Width|||Y
 |+0.000|+0.020||+0.000|1|68| mm|Width|||POS
 |+21.000|+0.006|-0.006|+21.000|1|71| mm|Gage Ball|||X
 |+24.000|+0.009|-0.009|+24.000|1|71| mm|Gage Ball|||Y
 |+0.000|+0.020||+0.000|1|71| mm|Gage Ball|||POS
 |+19.000|+0.006|-0.006|+19.000|1|72| mm|Gage Ball|||X
 |+26.000|+0.009|-0.009|+26.000|1|72| mm|Gage Ball|||Y
 |+0.000|+0.020||+0.000|1|72| mm|Gage Ball|||POS
 |+19.000|+0.006|-0.006|+19.000|1|73| mm|Gage Ball|||X
 |+24.000|+0.009|-0.009|+24.000|1|73| mm|Gage Ball|||Y
 |+0.000|+0.020||+0.000|1|73| mm|Gage Ball|||POS
 |+21.000|+0.006|-0.006|+21.000|1|74| mm|Gage Ball|||X
 |+26.000|+0.009|-0.009|+26.000|1|74| mm|Gage Ball|||Y
 |+0.000|+0.020||+0.000|1|74| mm|Gage Ball|||POS
 |+25.000|+0.200|-0.200|+25.000|1|75| mm|Contour|||ARE
 |+15.000|+0.040|-0.040|+15.000|1|75| mm|Contour|||LEN
 |+30.000|+0.050|-0.050|+30.000|1|75| mm|Contour|||X
 |+25.000|+0.006|-0.006|+25.000|1|75| mm|Contour|||Y
 |+0.000|+0.020||+0.000|1|75| mm|Contour|||POS
 |+12.042|+0.050|-0.050|+12.042|1|76| mm|Math|||RES
 |+27.477|+0.050|-0.050|+27.477|1|77| mm|Intersect|||X
 |+0.000|+0.007|-0.007|+0.000|1|77| mm|Intersect|||Y
 |+0.000|+0.020||+0.000|1|77| mm|Intersect|||POS
 |+5.000|+0.007|-0.007|+5.000|1|78| mm|Intersect|||Y
 |+0.000|+0.020||+0.000|1|78| mm|Intersect|||POS
 |+50.000|+0.200|-0.200|+50.000|1|79| mm|Contour|||ARE
 |+25.000|+0.040|-0.040|+25.000|1|79| mm|Contour|||LEN
 |+40.000|+0.050|-0.050|+40.000|1|79| mm|Contour|||X
 |+5.000|+0.006|-0.006|+5.000|1|79| mm|Contour|||Y
 |+0.000|+0.020||+0.000|1|79| mm|Contour|||POS
