NAME|AllOutputTypes.mxy
DATE|9/14/2018
TIME|11:14:21
USER|EXPORT|Excel 3.0|D:\Joro\GIT_Automations\AutomationOutputs\Reports\test.xls|ggggggg|    1
DATA| |+0.0000|+0.0000|+0.0000|+0.0000|3|1| mm|Point|||X
DATA| |+0.0000|+0.0000|+0.0000|+0.0000|3|1| mm|Point|||Y
DATA| |+0.0000|+0.0000|+0.0000|+0.0000|3|1| mm|Point|||Z
DATA| |+0.0000|+0.0000||+0.0000|3|1| mm|Point|||POS
DATA| |+5.0000|+0.0000|+0.0000|+5.0000|3|2| mm|Point|||X
DATA| |+0.0000|+0.0000|+0.0000|+0.0000|3|2| mm|Point|||Y
DATA| |+0.0000|+0.0000|+0.0000|+0.0000|3|2| mm|Point|||Z
DATA| |+0.0000|+0.0000||+0.0000|3|2| mm|Point|||POS
DATA| |+10.0000|+0.0000|+0.0000|+10.0000|3|3| mm|Point|||X
DATA| |+0.0000|+0.0000|+0.0000|+0.0000|3|3| mm|Point|||Y
DATA| |+0.0000|+0.0000|+0.0000|+0.0000|3|3| mm|Point|||Z
DATA| |+0.0000|+0.0000||+0.0000|3|3| mm|Point|||POS
DATA| |+15.0000|+0.0000|+0.0000|+15.0000|3|4| mm|Point|||X
DATA| |+0.0000|+0.0000|+0.0000|+0.0000|3|4| mm|Point|||Y
DATA| |+0.0000|+0.0000|+0.0000|+0.0000|3|4| mm|Point|||Z
DATA| |+0.0000|+0.0000||+0.0000|3|4| mm|Point|||POS
DATA| |+20.0000|+0.0000|+0.0000|+20.0000|3|5| mm|Point|||X
DATA| |+0.0000|+0.0000|+0.0000|+0.0000|3|5| mm|Point|||Y
DATA| |+0.0000|+0.0000|+0.0000|+0.0000|3|5| mm|Point|||Z
DATA| |+0.0000|+0.0000||+0.0000|3|5| mm|Point|||POS
DATA| |+25.0000|+0.0000|+0.0000|+25.0000|3|6| mm|Point|||X
DATA| |+0.0000|+0.0000|+0.0000|+0.0000|3|6| mm|Point|||Y
DATA| |+0.0000|+0.0000|+0.0000|+0.0000|3|6| mm|Point|||Z
DATA| |+0.0000|+0.0000||+0.0000|3|6| mm|Point|||POS
DATA| |+30.0000|+0.0000|+0.0000|+30.0000|3|7| mm|Point|||X
DATA| |+0.0000|+0.0000|+0.0000|+0.0000|3|7| mm|Point|||Y
DATA| |+0.0000|+0.0000|+0.0000|+0.0000|3|7| mm|Point|||Z
DATA| |+0.0000|+0.0000||+0.0000|3|7| mm|Point|||POS
DATA| |+35.0000|+0.0000|+0.0000|+35.0000|3|8| mm|Point|||X
DATA| |+0.0000|+0.0000|+0.0000|+0.0000|3|8| mm|Point|||Y
DATA| |+0.0000|+0.0000|+0.0000|+0.0000|3|8| mm|Point|||Z
DATA| |+0.0000|+0.0000||+0.0000|3|8| mm|Point|||POS
DATA| |+40.0000|+0.0000|+0.0000|+40.0000|3|9| mm|Point|||X
DATA| |+0.0000|+0.0000|+0.0000|+0.0000|3|9| mm|Point|||Y
DATA| |+0.0000|+0.0000|+0.0000|+0.0000|3|9| mm|Point|||Z
DATA| |+0.0000|+0.0000||+0.0000|3|9| mm|Point|||POS
DATA| |+45.0000|+0.0000|+0.0000|+45.0000|3|10| mm|Point|||X
DATA| |+0.0000|+0.0000|+0.0000|+0.0000|3|10| mm|Point|||Y
DATA| |+0.0000|+0.0000|+0.0000|+0.0000|3|10| mm|Point|||Z
DATA| |+0.0000|+0.0000||+0.0000|3|10| mm|Point|||POS
DATA| |+50.0000|+0.0000|+0.0000|+50.0000|3|11| mm|Point|||X
DATA| |+0.0000|+0.0000|+0.0000|+0.0000|3|11| mm|Point|||Y
DATA| |+0.0000|+0.0000|+0.0000|+0.0000|3|11| mm|Point|||Z
DATA| |+0.0000|+0.0000||+0.0000|3|11| mm|Point|||POS
DATA| |+0.0000|+0.0000|+0.0000|+0.0000|3|12| mm|Point|||X
DATA| |+5.0000|+0.0000|+0.0000|+5.0000|3|12| mm|Point|||Y
DATA| |+0.0000|+0.0000|+0.0000|+0.0000|3|12| mm|Point|||Z
DATA| |+0.0000|+0.0000||+0.0000|3|12| mm|Point|||POS
DATA| |+5.0000|+0.0300|-0.0300|+5.0000|3|13| mm|Point|||X
DATA| |+5.0000|+0.0400|-0.0400|+5.0000|3|13| mm|Point|||Y
DATA| |+0.0000|+0.0000|+0.0000|+0.0000|3|13| mm|Point|||Z
DATA| |+0.0000|+0.0010||+0.0000|3|13| mm|Point|||POS
DATA| |+10.0000|+0.0000|+0.0000|+10.0000|3|14| mm|Point|||X
DATA| |+5.0000|+0.0000|+0.0000|+5.0000|3|14| mm|Point|||Y
DATA| |+0.0000|+0.0000|+0.0000|+0.0000|3|14| mm|Point|||Z
DATA| |+0.0000|+0.0000||+0.0000|3|14| mm|Point|||POS
DATA| |+15.0000|+0.0000|+0.0000|+15.0000|3|15| mm|Point|||X
DATA| |+5.0000|+0.0000|+0.0000|+5.0000|3|15| mm|Point|||Y
DATA| |+0.0000|+0.0000|+0.0000|+0.0000|3|15| mm|Point|||Z
DATA| |+0.0000|+0.0000||+0.0000|3|15| mm|Point|||POS
DATA| |+20.0000|+0.0000|+0.0000|+20.0000|3|16| mm|Point|||X
DATA| |+5.0000|+0.0000|+0.0000|+5.0000|3|16| mm|Point|||Y
DATA| |+0.0000|+0.0000|+0.0000|+0.0000|3|16| mm|Point|||Z
DATA| |+0.0000|+0.0000||+0.0000|3|16| mm|Point|||POS
DATA| |+25.0000|+0.0000|+0.0000|+25.0000|3|17| mm|Point|||X
DATA| |+5.0000|+0.0000|+0.0000|+5.0000|3|17| mm|Point|||Y
DATA| |+0.0000|+0.0000|+0.0000|+0.0000|3|17| mm|Point|||Z
DATA| |+0.0000|+0.0000||+0.0000|3|17| mm|Point|||POS
DATA| |+30.0000|+0.0000|+0.0000|+30.0000|3|18| mm|Point|||X
DATA| |+5.0000|+0.0000|+0.0000|+5.0000|3|18| mm|Point|||Y
DATA| |+0.0000|+0.0000|+0.0000|+0.0000|3|18| mm|Point|||Z
DATA| |+0.0000|+0.0000||+0.0000|3|18| mm|Point|||POS
DATA| |+35.0000|+0.0000|+0.0000|+35.0000|3|19| mm|Point|||X
DATA| |+5.0000|+0.0000|+0.0000|+5.0000|3|19| mm|Point|||Y
DATA| |+0.0000|+0.0000|+0.0000|+0.0000|3|19| mm|Point|||Z
DATA| |+0.0000|+0.0000||+0.0000|3|19| mm|Point|||POS
DATA| |+40.0000|+0.0000|+0.0000|+40.0000|3|20| mm|Point|||X
DATA| |+5.0000|+0.0000|+0.0000|+5.0000|3|20| mm|Point|||Y
DATA| |+0.0000|+0.0000|+0.0000|+0.0000|3|20| mm|Point|||Z
DATA| |+0.0000|+0.0000||+0.0000|3|20| mm|Point|||POS
DATA| |+45.0000|+0.0000|+0.0000|+45.0000|3|21| mm|Point|||X
DATA| |+5.0000|+0.0000|+0.0000|+5.0000|3|21| mm|Point|||Y
DATA| |+0.0000|+0.0000|+0.0000|+0.0000|3|21| mm|Point|||Z
DATA| |+0.0000|+0.0000||+0.0000|3|21| mm|Point|||POS
DATA| |+50.0000|+0.0000|+0.0000|+50.0000|3|22| mm|Point|||X
DATA| |+5.0000|+0.0000|+0.0000|+5.0000|3|22| mm|Point|||Y
DATA| |+0.0000|+0.0000|+0.0000|+0.0000|3|22| mm|Point|||Z
DATA| |+0.0000|+0.0000||+0.0000|3|22| mm|Point|||POS
DATA| |+0.0000|+0.0000|+0.0000|+0.0000|3|23| mm|Point|||X
DATA| |+20.0000|+0.0000|+0.0000|+20.0000|3|23| mm|Point|||Y
DATA| |+0.0000|+0.0000|+0.0000|+0.0000|3|23| mm|Point|||Z
DATA| |+0.0000|+0.0000||+0.0000|3|23| mm|Point|||POS
DATA| |+5.0000|+0.0000|+0.0000|+5.0000|3|24| mm|Point|||X
DATA| |+20.0000|+0.0000|+0.0000|+20.0000|3|24| mm|Point|||Y
DATA| |+0.0000|+0.0000|+0.0000|+0.0000|3|24| mm|Point|||Z
DATA| |+0.0000|+0.0000||+0.0000|3|24| mm|Point|||POS
DATA| |+10.0000|+0.0000|+0.0000|+10.0000|3|25| mm|Point|||X
DATA| |+20.0000|+0.0000|+0.0000|+20.0000|3|25| mm|Point|||Y
DATA| |+0.0000|+0.0000|+0.0000|+0.0000|3|25| mm|Point|||Z
DATA| |+0.0000|+0.0000||+0.0000|3|25| mm|Point|||POS
DATA| |+15.0000|+0.0000|+0.0000|+15.0000|3|26| mm|Point|||X
DATA| |+20.0000|+0.0000|+0.0000|+20.0000|3|26| mm|Point|||Y
DATA| |+0.0000|+0.0000|+0.0000|+0.0000|3|26| mm|Point|||Z
DATA| |+0.0000|+0.0000||+0.0000|3|26| mm|Point|||POS
DATA| |+20.0000|+0.0000|+0.0000|+20.0000|3|27| mm|Point|||X
DATA| |+20.0000|+0.0000|+0.0000|+20.0000|3|27| mm|Point|||Y
DATA| |+0.0000|+0.0000|+0.0000|+0.0000|3|27| mm|Point|||Z
DATA| |+0.0000|+0.0000||+0.0000|3|27| mm|Point|||POS
DATA| |+25.0000|+0.0000|+0.0000|+25.0000|3|28| mm|Point|||X
DATA| |+20.0000|+0.0000|+0.0000|+20.0000|3|28| mm|Point|||Y
DATA| |+0.0000|+0.0000|+0.0000|+0.0000|3|28| mm|Point|||Z
DATA| |+0.0000|+0.0000||+0.0000|3|28| mm|Point|||POS
DATA| |+30.0000|+0.0000|+0.0000|+30.0000|3|29| mm|Point|||X
DATA| |+20.0000|+0.0000|+0.0000|+20.0000|3|29| mm|Point|||Y
DATA| |+0.0000|+0.0000|+0.0000|+0.0000|3|29| mm|Point|||Z
DATA| |+0.0000|+0.0000||+0.0000|3|29| mm|Point|||POS
DATA| |+35.0000|+0.0000|+0.0000|+35.0000|3|30| mm|Point|||X
DATA| |+20.0000|+0.0000|+0.0000|+20.0000|3|30| mm|Point|||Y
DATA| |+0.0000|+0.0000|+0.0000|+0.0000|3|30| mm|Point|||Z
DATA| |+0.0000|+0.0000||+0.0000|3|30| mm|Point|||POS
DATA| |+40.0000|+0.0000|+0.0000|+40.0000|3|31| mm|Point|||X
DATA| |+20.0000|+0.0000|+0.0000|+20.0000|3|31| mm|Point|||Y
DATA| |+0.0000|+0.0000|+0.0000|+0.0000|3|31| mm|Point|||Z
DATA| |+0.0000|+0.0000||+0.0000|3|31| mm|Point|||POS
DATA| |+45.0000|+0.0000|+0.0000|+45.0000|3|32| mm|Point|||X
DATA| |+20.0000|+0.0000|+0.0000|+20.0000|3|32| mm|Point|||Y
DATA| |+0.0000|+0.0000|+0.0000|+0.0000|3|32| mm|Point|||Z
DATA| |+0.0000|+0.0000||+0.0000|3|32| mm|Point|||POS
DATA| |+50.0000|+0.0000|+0.0000|+50.0000|3|33| mm|Point|||X
DATA| |+20.0000|+0.0000|+0.0000|+20.0000|3|33| mm|Point|||Y
DATA| |+0.0000|+0.0000|+0.0000|+0.0000|3|33| mm|Point|||Z
DATA| |+0.0000|+0.0000||+0.0000|3|33| mm|Point|||POS
DATA| |+0.0000|+0.0000|+0.0000|+0.0000|3|34| mm|Point|||X
DATA| |+25.0000|+0.0000|+0.0000|+25.0000|3|34| mm|Point|||Y
DATA| |+0.0000|+0.0000|+0.0000|+0.0000|3|34| mm|Point|||Z
DATA| |+0.0000|+0.0000||+0.0000|3|34| mm|Point|||POS
DATA| |+5.0000|+0.0000|+0.0000|+5.0000|3|35| mm|Point|||X
DATA| |+25.0000|+0.0000|+0.0000|+25.0000|3|35| mm|Point|||Y
DATA| |+0.0000|+0.0000|+0.0000|+0.0000|3|35| mm|Point|||Z
DATA| |+0.0000|+0.0000||+0.0000|3|35| mm|Point|||POS
DATA| |+10.0000|+0.0000|+0.0000|+10.0000|3|36| mm|Point|||X
DATA| |+25.0000|+0.0000|+0.0000|+25.0000|3|36| mm|Point|||Y
DATA| |+0.0000|+0.0000|+0.0000|+0.0000|3|36| mm|Point|||Z
DATA| |+0.0000|+0.0000||+0.0000|3|36| mm|Point|||POS
DATA| |+15.0000|+0.0000|+0.0000|+15.0000|3|37| mm|Point|||X
DATA| |+25.0000|+0.0000|+0.0000|+25.0000|3|37| mm|Point|||Y
DATA| |+0.0000|+0.0000|+0.0000|+0.0000|3|37| mm|Point|||Z
DATA| |+0.0000|+0.0000||+0.0000|3|37| mm|Point|||POS
DATA| |+20.0000|+0.0000|+0.0000|+20.0000|3|38| mm|Point|||X
DATA| |+25.0000|+0.0000|+0.0000|+25.0000|3|38| mm|Point|||Y
DATA| |+0.0000|+0.0000|+0.0000|+0.0000|3|38| mm|Point|||Z
DATA| |+0.0000|+0.0000||+0.0000|3|38| mm|Point|||POS
DATA| |+25.0000|+0.0000|+0.0000|+25.0000|3|39| mm|Point|||X
DATA| |+25.0000|+0.0000|+0.0000|+25.0000|3|39| mm|Point|||Y
DATA| |+0.0000|+0.0000|+0.0000|+0.0000|3|39| mm|Point|||Z
DATA| |+0.0000|+0.0000||+0.0000|3|39| mm|Point|||POS
DATA| |+30.0000|+0.0000|+0.0000|+30.0000|3|40| mm|Point|||X
DATA| |+25.0000|+0.0000|+0.0000|+25.0000|3|40| mm|Point|||Y
DATA| |+0.0000|+0.0000|+0.0000|+0.0000|3|40| mm|Point|||Z
DATA| |+0.0000|+0.0000||+0.0000|3|40| mm|Point|||POS
DATA| |+35.0000|+0.0000|+0.0000|+35.0000|3|41| mm|Point|||X
DATA| |+25.0000|+0.0000|+0.0000|+25.0000|3|41| mm|Point|||Y
DATA| |+0.0000|+0.0000|+0.0000|+0.0000|3|41| mm|Point|||Z
DATA| |+0.0000|+0.0000||+0.0000|3|41| mm|Point|||POS
DATA| |+40.0000|+0.0000|+0.0000|+40.0000|3|42| mm|Point|||X
DATA| |+25.0000|+0.0000|+0.0000|+25.0000|3|42| mm|Point|||Y
DATA| |+0.0000|+0.0000|+0.0000|+0.0000|3|42| mm|Point|||Z
DATA| |+0.0000|+0.0000||+0.0000|3|42| mm|Point|||POS
DATA| |+45.0000|+0.0000|+0.0000|+45.0000|3|43| mm|Point|||X
DATA| |+25.0000|+0.0000|+0.0000|+25.0000|3|43| mm|Point|||Y
DATA| |+0.0000|+0.0000|+0.0000|+0.0000|3|43| mm|Point|||Z
DATA| |+0.0000|+0.0000||+0.0000|3|43| mm|Point|||POS
DATA| |+50.0000|+0.0000|+0.0000|+50.0000|3|44| mm|Point|||X
DATA| |+25.0000|+0.0000|+0.0000|+25.0000|3|44| mm|Point|||Y
DATA| |+0.0000|+0.0000|+0.0000|+0.0000|3|44| mm|Point|||Z
DATA| |+0.0000|+0.0000||+0.0000|3|44| mm|Point|||POS
DATA| |+270.0000|+0.0200|-0.0200|+270.0000|3|45| dd|Line|||ANG
DATA| |+0.0000|+0.0300|-0.0300|+0.0000|3|45| mm|Line|||X
DATA| |+2.5000|+0.0400|-0.0400|+2.5000|3|45| mm|Line|||Y
DATA| |+0.0000|+0.0000|+0.0000|+0.0000|3|45| mm|Line|||Z
DATA| |+0.0000|+0.0500||+0.0000|3|45| mm|Line|||STR
DATA| |+0.0000|+0.0400||+0.0000|3|45| mm|Line|||DST
DATA| |+0.0000|+0.0600||+0.0000|3|45| mm|Line|||PER
DATA| |+0.0000|+0.0700||+0.0000|3|45| mm|Line|||PAR
DATA| |+0.0000|+0.0900||+0.0000|3|45| mm|Line|||PRP
DATA| |+0.0000||-0.0800|+0.0000|3|45| mm|Line|||PRM
DATA| |+180.0000|+0.0200|-0.0200|+180.0000|3|46| dd|Line|||ANG
DATA| |+2.5000|+0.0300|-0.0300|+2.5000|3|46| mm|Line|||X
DATA| |+5.0000|+0.0400|-0.0400|+5.0000|3|46| mm|Line|||Y
DATA| |+0.0000|+0.0000|+0.0000|+0.0000|3|46| mm|Line|||Z
DATA| |+0.0000|+0.0500||+0.0000|3|46| mm|Line|||STR
DATA| |+0.0000|+5.0040||+5.0000|3|46| mm|Line|||DST
DATA| |+0.0000|+0.0600||+0.0000|3|46| mm|Line|||PER
DATA| |+0.0000|+0.0700||+0.0000|3|46| mm|Line|||PAR
DATA| |+0.0000|+0.0900||+0.0000|3|46| mm|Line|||PRP
DATA| |+0.0000||-0.0800|+0.0000|3|46| mm|Line|||PRM
DATA| |+270.0000|+0.0200|-0.0200|+270.0000|3|47| dd|Line|||ANG
DATA| |+5.0000|+0.0300|-0.0300|+5.0000|3|47| mm|Line|||X
DATA| |+2.5000|+0.0400|-0.0400|+2.5000|3|47| mm|Line|||Y
DATA| |+0.0000|+0.0000|+0.0000|+0.0000|3|47| mm|Line|||Z
DATA| |+0.0000|+0.0500||+0.0000|3|47| mm|Line|||STR
DATA| |+0.0000|+0.0400||+0.0000|3|47| mm|Line|||DST
DATA| |+0.0000|+0.0600||+0.0000|3|47| mm|Line|||PER
DATA| |+0.0000|+0.0100||+0.0000|3|47| mm|Line|||PAR
DATA| |+0.0000|+0.0900||+0.0000|3|47| mm|Line|||PRP
DATA| |+0.0000||-0.0800|+0.0000|3|47| mm|Line|||PRM
DATA| |+12.5000|+0.0000|+0.0000|+12.5000|3|48| mm|Point|||X
DATA| |+8.0000|+0.0000|+0.0000|+8.0000|3|48| mm|Point|||Y
DATA| |+0.0000|+0.0000|+0.0000|+0.0000|3|48| mm|Point|||Z
DATA| |+0.0000|+0.0000||+0.0000|3|48| mm|Point|||POS
DATA| |+72.6460|+0.0200|-0.0200|+72.6460|3|49| dd|Line|||ANG
DATA| |+11.2500|+0.0300|-0.0300|+11.2500|3|49| mm|Line|||X
DATA| |+4.0000|+0.0400|-0.0400|+4.0000|3|49| mm|Line|||Y
DATA| |+0.0000|+0.0000|+0.0000|+0.0000|3|49| mm|Line|||Z
DATA| |+0.0000|+0.0500||+0.0000|3|49| mm|Line|||STR
DATA| |+0.0000|+0.0400||+0.0000|3|49| mm|Line|||DST
DATA| |+0.0000|+0.0600||+0.0000|3|49| mm|Line|||PER
DATA| |+0.0000|+0.0100||+0.0000|3|49| mm|Line|||PAR
DATA| |+0.0000|+0.0900||+0.0000|3|49| mm|Line|||PRP
DATA| |+0.0000||-0.0800|+0.0000|3|49| mm|Line|||PRM
DATA| |+287.3540|+0.0200|-0.0200|+287.3540|3|50| dd|Line|||ANG
DATA| |+13.7500|+0.0300|-0.0300|+13.7500|3|50| mm|Line|||X
DATA| |+4.0000|+0.0400|-0.0400|+4.0000|3|50| mm|Line|||Y
DATA| |+0.0000|+0.0000|+0.0000|+0.0000|3|50| mm|Line|||Z
DATA| |+0.0000|+0.0500||+0.0000|3|50| mm|Line|||STR
DATA| |+0.0000|+4.7800||+4.7724|3|50| mm|Line|||DST
DATA| |+0.0000|+0.0600||+0.0000|3|50| mm|Line|||PER
DATA| |+0.0000|+0.0100||+0.0000|3|50| mm|Line|||PAR
DATA| |+0.0000|+0.0900||+0.0000|3|50| mm|Line|||PRP
DATA| |+0.0000||-0.0800|+0.0000|3|50| mm|Line|||PRM
DATA| |+7.0711|+0.0200|-0.0200|+7.0711|3|51| mm|Circle|||DIA
DATA| |+22.5000|+0.0400|-0.0400|+22.5000|3|51| mm|Circle|||X
DATA| |+2.5000|+0.0600|-0.0600|+2.5000|3|51| mm|Circle|||Y
DATA| |+0.0000|+0.0000|+0.0000|+0.0000|3|51| mm|Circle|||Z
DATA| |+0.0000|+0.0100||+0.0000|3|51| mm|Circle|||RND
DATA| |+0.0000|+0.0200||+0.0000|3|51| mm|Circle|||POS
DATA| |+0.0000|+0.0300||+0.0000|3|51| mm|Circle|||CON
DATA| |+0.0000|+0.0900||+0.0000|3|51| mm|Circle|||PRP
DATA| |+0.0000||-0.0800|+0.0000|3|51| mm|Circle|||PRM
DATA| |+0.0000|+0.0200|-0.0200|+0.0000|3|52| dd|Line|||ANG
DATA| |+7.5000|+0.0300|-0.0300|+7.5000|3|52| mm|Line|||X
DATA| |+0.0000|+0.0400|-0.0400|+0.0000|3|52| mm|Line|||Y
DATA| |+0.0000|+0.0000|+0.0000|+0.0000|3|52| mm|Line|||Z
DATA| |+0.0000|+0.0500||+0.0000|3|52| mm|Line|||STR
DATA| |+0.0000|+14.3220||+14.3172|3|52| mm|Line|||DST
DATA| |+0.0000|+0.0600||+0.0000|3|52| mm|Line|||PER
DATA| |+0.0000|+0.0700||+0.0000|3|52| mm|Line|||PAR
DATA| |+0.0000|+0.0900||+0.0000|3|52| mm|Line|||PRP
DATA| |+0.0000||-0.0800|+0.0000|3|52| mm|Line|||PRM
DATA| |+18.0000|+0.0000|+0.0000|+18.0000|3|53| mm|Point|||X
DATA| |-2.0000|+0.0000|+0.0000|-2.0000|3|53| mm|Point|||Y
DATA| |+0.0000|+0.0000|+0.0000|+0.0000|3|53| mm|Point|||Z
DATA| |+0.0000|+0.0000||+0.0000|3|53| mm|Point|||POS
DATA| |+18.0000|+0.0000|+0.0000|+18.0000|3|54| mm|Point|||X
DATA| |+7.0000|+0.0000|+0.0000|+7.0000|3|54| mm|Point|||Y
DATA| |+0.0000|+0.0000|+0.0000|+0.0000|3|54| mm|Point|||Z
DATA| |+0.0000|+0.0000||+0.0000|3|54| mm|Point|||POS
DATA| |+26.0000|+0.0000|+0.0000|+26.0000|3|55| mm|Point|||X
DATA| |-2.0000|+0.0000|+0.0000|-2.0000|3|55| mm|Point|||Y
DATA| |+0.0000|+0.0000|+0.0000|+0.0000|3|55| mm|Point|||Z
DATA| |+0.0000|+0.0000||+0.0000|3|55| mm|Point|||POS
DATA| |+26.0000|+0.0000|+0.0000|+26.0000|3|56| mm|Point|||X
DATA| |+7.0000|+0.0000|+0.0000|+7.0000|3|56| mm|Point|||Y
DATA| |+0.0000|+0.0000|+0.0000|+0.0000|3|56| mm|Point|||Z
DATA| |+0.0000|+0.0000||+0.0000|3|56| mm|Point|||POS
DATA| |+12.0416|+0.0200|-0.0200|+12.0416|3|57| mm|Circle|||DIA
DATA| |+22.0000|+0.0400|-0.0400|+22.0000|3|57| mm|Circle|||X
DATA| |+2.5000|+0.0600|-0.0600|+2.5000|3|57| mm|Circle|||Y
DATA| |+0.0000|+0.0000|+0.0000|+0.0000|3|57| mm|Circle|||Z
DATA| |+0.0000|+0.0100||+0.0000|3|57| mm|Circle|||RND
DATA| |+0.0000|+0.0200||+0.0000|3|57| mm|Circle|||POS
DATA| |+0.0000|+1.0050||+1.0000|3|57| mm|Circle|||CON
DATA| |+0.0000|+0.0900||+0.0000|3|57| mm|Circle|||PRP
DATA| |+0.0000||-0.0800|+0.0000|3|57| mm|Circle|||PRM
DATA| |+0.0000|+0.0200|-0.0200|+0.0000|3|58| mm|Distance|||XD
DATA| |+5.0000|+0.0400|-0.0400|+5.0000|3|58| mm|Distance|||YD
DATA| |+0.0000|+0.0200|-0.0200|+0.0000|3|58| mm|Distance|||ZD
DATA| |+5.0000|+0.0700|-0.0700|+5.0000|3|58| mm|Distance|||DIS
DATA| |+90.0000|+0.0800|-0.0800|+90.0000|3|58| dd|Distance|||ANG
DATA| |+5.0000|+0.0900|-0.0900|+5.0000|3|59| mm|Midpoint|||DIS
DATA| |+32.5000|+0.0040|-0.0040|+32.5000|3|59| mm|Midpoint|||X
DATA| |+5.0000|+0.0050|-0.0050|+5.0000|3|59| mm|Midpoint|||Y
DATA| |+0.0000|+0.0000|+0.0000|+0.0000|3|59| mm|Midpoint|||Z
DATA| |+0.0000|+0.0200||+0.0000|3|59| mm|Midpoint|||POS
DATA| |+90.0000|+0.0200|-0.0200|+90.0000|3|60| dd|Line|||ANG
DATA| |+0.0000|+0.0300|-0.0300|+0.0000|3|60| mm|Line|||X
DATA| |+22.5000|+0.0400|-0.0400|+22.5000|3|60| mm|Line|||Y
DATA| |+0.0000|+0.0000|+0.0000|+0.0000|3|60| mm|Line|||Z
DATA| |+0.0000|+0.0500||+0.0000|3|60| mm|Line|||STR
DATA| |+0.0000|+0.0400||+0.0000|3|60| mm|Line|||DST
DATA| |+0.0000|+0.0600||+0.0000|3|60| mm|Line|||PER
DATA| |+0.0000|+0.0700||+0.0000|3|60| mm|Line|||PAR
DATA| |+0.0000|+0.0900||+0.0000|3|60| mm|Line|||PRP
DATA| |+0.0000||-0.0800|+0.0000|3|60| mm|Line|||PRM
DATA| |+315.0000|+0.0200|-0.0200|+315.0000|3|61| dd|Line|||ANG
DATA| |+2.5000|+0.0300|-0.0300|+2.5000|3|61| mm|Line|||X
DATA| |+22.5000|+0.0400|-0.0400|+22.5000|3|61| mm|Line|||Y
DATA| |+0.0000|+0.0000|+0.0000|+0.0000|3|61| mm|Line|||Z
DATA| |+0.0000|+0.0500||+0.0000|3|61| mm|Line|||STR
DATA| |+0.0000|+0.0400||+0.0000|3|61| mm|Line|||DST
DATA| |+0.0000|+0.0600||+0.0000|3|61| mm|Line|||PER
DATA| |+0.0000|+0.0700||+0.0000|3|61| mm|Line|||PAR
DATA| |+0.0000|+0.0900||+0.0000|3|61| mm|Line|||PRP
DATA| |+0.0000||-0.0800|+0.0000|3|61| mm|Line|||PRM
DATA| |+0.0000|+0.0200|-0.0200|+0.0000|3|62| dd|Line|||ANG
DATA| |+2.5000|+0.0300|-0.0300|+2.5000|3|62| mm|Line|||X
DATA| |+25.0000|+0.0400|-0.0400|+25.0000|3|62| mm|Line|||Y
DATA| |+0.0000|+0.0000|+0.0000|+0.0000|3|62| mm|Line|||Z
DATA| |+0.0000|+0.0500||+0.0000|3|62| mm|Line|||STR
DATA| |+0.0000|+0.0400||+0.0000|3|62| mm|Line|||DST
DATA| |+0.0000|+0.0600||+0.0000|3|62| mm|Line|||PER
DATA| |+0.0000|+0.0700||+0.0000|3|62| mm|Line|||PAR
DATA| |+0.0000|+0.0900||+0.0000|3|62| mm|Line|||PRP
DATA| |+0.0000||-0.0800|+0.0000|3|62| mm|Line|||PRM
DATA| |+45.0000|+0.0200|-0.0200|+45.0000|3|63| dd|Intersect|||ANG
DATA| |+0.0000|+0.0500|-0.0500|+0.0000|3|63| mm|Intersect|||X
DATA| |+25.0000|+0.0070|-0.0070|+25.0000|3|63| mm|Intersect|||Y
DATA| |+0.0000|+0.0000|+0.0000|+0.0000|3|63| mm|Intersect|||Z
DATA| |+0.0000|+0.0200||+0.0000|3|63| mm|Intersect|||POS
DATA| |+270.0000|+0.0200|-0.0200|+270.0000|3|64| dd|Intersect|||ANG
DATA| |+0.0000|+0.0500|-0.0500|+0.0000|3|64| mm|Intersect|||X
DATA| |+25.0000|+0.0070|-0.0070|+25.0000|3|64| mm|Intersect|||Y
DATA| |+0.0000|+0.0000|+0.0000|+0.0000|3|64| mm|Intersect|||Z
DATA| |+0.0000|+0.0200||+0.0000|3|64| mm|Intersect|||POS
DATA| |+90.0000|+0.0200|-0.0200|+90.0000|3|65| dd|Intersect|||ANG
DATA| |+0.0000|+0.0500|-0.0500|+0.0000|3|65| mm|Intersect|||X
DATA| |+25.0000|+0.0070|-0.0070|+25.0000|3|65| mm|Intersect|||Y
DATA| |+0.0000|+0.0000|+0.0000|+0.0000|3|65| mm|Intersect|||Z
DATA| |+0.0000|+0.0200||+0.0000|3|65| mm|Intersect|||POS
DATA| |+270.0000|+0.0200|-0.0200|+270.0000|3|66| dd|Intersect|||ANG
DATA| |+0.0000|+0.0500|-0.0500|+0.0000|3|66| mm|Intersect|||X
DATA| |+25.0000|+0.0070|-0.0070|+25.0000|3|66| mm|Intersect|||Y
DATA| |+0.0000|+0.0000|+0.0000|+0.0000|3|66| mm|Intersect|||Z
DATA| |+0.0000|+0.0200||+0.0000|3|66| mm|Intersect|||POS
DATA| |+90.0000|+0.0200|-0.0200|+90.0000|3|67| dd|Width|||WCA
DATA| |+5.0000|+0.0200|-0.0200|+5.0000|3|67| mm|Width|||WID
DATA| |+12.5000|+0.0500|-0.0500|+12.5000|3|67| mm|Width|||X
DATA| |+25.0000|+0.0600|-0.0600|+25.0000|3|67| mm|Width|||Y
DATA| |+0.0000|+0.0000|+0.0000|+0.0000|3|67| mm|Width|||Z
DATA| |+0.0000|+0.0200||+0.0000|3|67| mm|Width|||POS
DATA| |+90.0000|+0.0200|-0.0200|+90.0000|3|68| dd|Width|||WCA
DATA| |+5.0000|+0.0200|-0.0200|+5.0000|3|68| mm|Width|||WID
DATA| |+12.5000|+0.0500|-0.0500|+12.5000|3|68| mm|Width|||X
DATA| |+20.0000|+0.0600|-0.0600|+20.0000|3|68| mm|Width|||Y
DATA| |+0.0000|+0.0000|+0.0000|+0.0000|3|68| mm|Width|||Z
DATA| |+0.0000|+0.0200||+0.0000|3|68| mm|Width|||POS
DATA| |+270.0000|+0.0200|-0.0200|+270.0000|3|69| dd|Line|||ANG
DATA| |+20.0000|+0.0300|-0.0300|+20.0000|3|69| mm|Line|||X
DATA| |+22.5000|+0.0400|-0.0400|+22.5000|3|69| mm|Line|||Y
DATA| |+0.0000|+0.0000|+0.0000|+0.0000|3|69| mm|Line|||Z
DATA| |+0.0000|+0.0500||+0.0000|3|69| mm|Line|||STR
DATA| |+0.0000|+0.0400||+0.0000|3|69| mm|Line|||DST
DATA| |+0.0000|+0.0600||+0.0000|3|69| mm|Line|||PER
DATA| |+0.0000|+0.0700||+0.0000|3|69| mm|Line|||PAR
DATA| |+0.0000|+0.0900||+0.0000|3|69| mm|Line|||PRP
DATA| |+0.0000||-0.0800|+0.0000|3|69| mm|Line|||PRM
DATA| |+0.0000|+0.0200|-0.0200|+0.0000|3|70| dd|Line|||ANG
DATA| |+22.5000|+0.0300|-0.0300|+22.5000|3|70| mm|Line|||X
DATA| |+25.0000|+0.0400|-0.0400|+25.0000|3|70| mm|Line|||Y
DATA| |+0.0000|+0.0000|+0.0000|+0.0000|3|70| mm|Line|||Z
DATA| |+0.0000|+0.0500||+0.0000|3|70| mm|Line|||STR
DATA| |+0.0000|+0.0400||+0.0000|3|70| mm|Line|||DST
DATA| |+0.0000|+0.0600||+0.0000|3|70| mm|Line|||PER
DATA| |+0.0000|+0.0700||+0.0000|3|70| mm|Line|||PAR
DATA| |+0.0000|+0.0900||+0.0000|3|70| mm|Line|||PRP
DATA| |+0.0000||-0.0800|+0.0000|3|70| mm|Line|||PRM
DATA| |+21.0000|+0.0060|-0.0060|+21.0000|3|71| mm|Gage Ball|||X
DATA| |+24.0000|+0.0090|-0.0090|+24.0000|3|71| mm|Gage Ball|||Y
DATA| |+0.0000|+0.0000|+0.0000|+0.0000|3|71| mm|Gage Ball|||Z
DATA| |+0.0000|+0.0200||+0.0000|3|71| mm|Gage Ball|||POS
DATA| |+19.0000|+0.0060|-0.0060|+19.0000|3|72| mm|Gage Ball|||X
DATA| |+26.0000|+0.0090|-0.0090|+26.0000|3|72| mm|Gage Ball|||Y
DATA| |+0.0000|+0.0000|+0.0000|+0.0000|3|72| mm|Gage Ball|||Z
DATA| |+0.0000|+0.0200||+0.0000|3|72| mm|Gage Ball|||POS
DATA| |+19.0000|+0.0060|-0.0060|+19.0000|3|73| mm|Gage Ball|||X
DATA| |+24.0000|+0.0090|-0.0090|+24.0000|3|73| mm|Gage Ball|||Y
DATA| |+0.0000|+0.0000|+0.0000|+0.0000|3|73| mm|Gage Ball|||Z
DATA| |+0.0000|+0.0200||+0.0000|3|73| mm|Gage Ball|||POS
DATA| |+21.0000|+0.0060|-0.0060|+21.0000|3|74| mm|Gage Ball|||X
DATA| |+26.0000|+0.0090|-0.0090|+26.0000|3|74| mm|Gage Ball|||Y
DATA| |+0.0000|+0.0000|+0.0000|+0.0000|3|74| mm|Gage Ball|||Z
DATA| |+0.0000|+0.0200||+0.0000|3|74| mm|Gage Ball|||POS
DATA| |+25.0000|+0.2000|-0.2000|+25.0000|3|75| mm|Contour|||ARE
DATA| |+15.0000|+0.0400|-0.0400|+15.0000|3|75| mm|Contour|||LEN
DATA| |+30.0000|+0.0500|-0.0500|+30.0000|3|75| mm|Contour|||X
DATA| |+25.0000|+0.0060|-0.0060|+25.0000|3|75| mm|Contour|||Y
DATA| |+0.0000|+0.0000|+0.0000|+0.0000|3|75| mm|Contour|||Z
DATA| |+0.0000|+0.0200||+0.0000|3|75| mm|Contour|||POS
DATA| |+12.0416|+0.0500|-0.0500|+12.0416|3|76| mm|Math|||RES
DATA| |+27.4772|+0.0500|-0.0500|+27.4772|3|77| mm|Intersect|||X
DATA| |+0.0000|+0.0070|-0.0070|+0.0000|3|77| mm|Intersect|||Y
DATA| |+0.0000|+0.0000|+0.0000|+0.0000|3|77| mm|Intersect|||Z
DATA| |+0.0000|+0.0200||+0.0000|3|77| mm|Intersect|||POS
DATA| |+16.5228|+0.0500|-0.0500|+16.5228|3|78| mm|Intersect|||X
DATA| |+5.0000|+0.0070|-0.0070|+5.0000|3|78| mm|Intersect|||Y
DATA| |+0.0000|+0.0000|+0.0000|+0.0000|3|78| mm|Intersect|||Z
DATA| |+0.0000|+0.0200||+0.0000|3|78| mm|Intersect|||POS
DATA| |+50.0000|+0.2000|-0.2000|+50.0000|3|79| mm|Contour|||ARE
DATA| |+25.0000|+0.0400|-0.0400|+25.0000|3|79| mm|Contour|||LEN
DATA| |+40.0000|+0.0500|-0.0500|+40.0000|3|79| mm|Contour|||X
DATA| |+5.0000|+0.0060|-0.0060|+5.0000|3|79| mm|Contour|||Y
DATA| |+0.0000|+0.0000|+0.0000|+0.0000|3|79| mm|Contour|||Z
DATA| |+0.0000|+0.0200||+0.0000|3|79| mm|Contour|||POS
HEAD|
HEAD|
HEAD|
HEAD|
HEAD|
END!
